# JRE version: OpenJDK Runtime Environment Temurin-21.0.5+11 (21.0.5+11) (build 21.0.5+11-LTS)
# Java VM: OpenJDK 64-Bit Server VM Temurin-21.0.5+11 (21.0.5+11-LTS, mixed mode, emulated-client, sharing, tiered, compressed oops, compressed class ptrs, g1 gc, windows-amd64)
GC Precious Log:
 CardTable entry size: 512
 Card Set container configuration: InlinePtr #cards 4 size 8 Array Of Cards #cards 16 size 48 Howl #buckets 8 coarsen threshold 3686 Howl Bitmap #cards 512 size 80 coarsen threshold 460 Card regions per heap region 1 cards per card region 4096
 CPUs: 4 total, 4 available
 Memory: 16239M
 Large Page Support: Disabled
 NUMA Support: Disabled
 Compressed Oops: Enabled (Zero based)
 Heap Region Size: 2M
 Heap Min Capacity: 8M
 Heap Initial Capacity: 254M
 Heap Max Capacity: 4060M
 Pre-touch: Disabled
 Parallel Workers: 4
 Concurrent Workers: 1
 Concurrent Refinement Workers: 4
 Periodic GC: Disabled
Heap:
 garbage-first heap   total 110592K, used 91646K [0x0000000702400000, 0x0000000800000000)
  region size 2048K, 29 young (59392K), 3 survivors (6144K)
 Metaspace       used 88881K, committed 89856K, reserved 1179648K
  class space    used 12377K, committed 12864K, reserved 1048576K
GC Heap History (20 events):
Event: 2535.077 GC heap after
{Heap after GC invocations=71 (full 19):
 garbage-first heap   total 110592K, used 33702K [0x0000000702400000, 0x0000000800000000)
  region size 2048K, 0 young (0K), 0 survivors (0K)
 Metaspace       used 88758K, committed 89856K, reserved 1179648K
  class space    used 12364K, committed 12864K, reserved 1048576K
}
Event: 2536.026 GC heap before
{Heap before GC invocations=71 (full 19):
 garbage-first heap   total 110592K, used 93094K [0x0000000702400000, 0x0000000800000000)
  region size 2048K, 30 young (61440K), 0 survivors (0K)
 Metaspace       used 88881K, committed 89856K, reserved 1179648K
  class space    used 12380K, committed 12864K, reserved 1048576K
}
Event: 2536.031 GC heap after
{Heap after GC invocations=72 (full 19):
 garbage-first heap   total 110592K, used 38198K [0x0000000702400000, 0x0000000800000000)
  region size 2048K, 3 young (6144K), 3 survivors (6144K)
 Metaspace       used 88881K, committed 89856K, reserved 1179648K
  class space    used 12380K, committed 12864K, reserved 1048576K
}
Event: 2541.032 GC heap before
{Heap before GC invocations=72 (full 19):
 garbage-first heap   total 110592K, used 66870K [0x0000000702400000, 0x0000000800000000)
  region size 2048K, 18 young (36864K), 3 survivors (6144K)
 Metaspace       used 89042K, committed 89984K, reserved 1179648K
  class space    used 12390K, committed 12864K, reserved 1048576K
}
Event: 2541.101 GC heap after
{Heap after GC invocations=73 (full 20):
 garbage-first heap   total 110592K, used 33640K [0x0000000702400000, 0x0000000800000000)
  region size 2048K, 0 young (0K), 0 survivors (0K)
 Metaspace       used 88751K, committed 89856K, reserved 1179648K
  class space    used 12363K, committed 12864K, reserved 1048576K
}
Event: 2542.257 GC heap before
{Heap before GC invocations=73 (full 20):
 garbage-first heap   total 110592K, used 93032K [0x0000000702400000, 0x0000000800000000)
  region size 2048K, 30 young (61440K), 0 survivors (0K)
 Metaspace       used 88883K, committed 89856K, reserved 1179648K
  class space    used 12382K, committed 12864K, reserved 1048576K
}
Event: 2542.263 GC heap after
{Heap after GC invocations=74 (full 20):
 garbage-first heap   total 110592K, used 37937K [0x0000000702400000, 0x0000000800000000)
  region size 2048K, 3 young (6144K), 3 survivors (6144K)
 Metaspace       used 88883K, committed 89856K, reserved 1179648K
  class space    used 12382K, committed 12864K, reserved 1048576K
}
Event: 2571.890 GC heap before
{Heap before GC invocations=74 (full 20):
 garbage-first heap   total 110592K, used 70705K [0x0000000702400000, 0x0000000800000000)
  region size 2048K, 20 young (40960K), 3 survivors (6144K)
 Metaspace       used 89043K, committed 89984K, reserved 1179648K
  class space    used 12392K, committed 12864K, reserved 1048576K
}
Event: 2571.962 GC heap after
{Heap after GC invocations=75 (full 21):
 garbage-first heap   total 110592K, used 33687K [0x0000000702400000, 0x0000000800000000)
  region size 2048K, 0 young (0K), 0 survivors (0K)
 Metaspace       used 88745K, committed 89920K, reserved 1179648K
  class space    used 12361K, committed 12864K, reserved 1048576K
}
Event: 2573.469 GC heap before
{Heap before GC invocations=75 (full 21):
 garbage-first heap   total 110592K, used 93079K [0x0000000702400000, 0x0000000800000000)
  region size 2048K, 30 young (61440K), 0 survivors (0K)
 Metaspace       used 88870K, committed 89920K, reserved 1179648K
  class space    used 12377K, committed 12864K, reserved 1048576K
}
Event: 2573.474 GC heap after
{Heap after GC invocations=76 (full 21):
 garbage-first heap   total 110592K, used 38185K [0x0000000702400000, 0x0000000800000000)
  region size 2048K, 3 young (6144K), 3 survivors (6144K)
 Metaspace       used 88870K, committed 89920K, reserved 1179648K
  class space    used 12377K, committed 12864K, reserved 1048576K
}
Event: 2590.601 GC heap before
{Heap before GC invocations=76 (full 21):
 garbage-first heap   total 110592K, used 68905K [0x0000000702400000, 0x0000000800000000)
  region size 2048K, 19 young (38912K), 3 survivors (6144K)
 Metaspace       used 89028K, committed 89984K, reserved 1179648K
  class space    used 12387K, committed 12864K, reserved 1048576K
}
Event: 2590.671 GC heap after
{Heap after GC invocations=77 (full 22):
 garbage-first heap   total 110592K, used 33789K [0x0000000702400000, 0x0000000800000000)
  region size 2048K, 0 young (0K), 0 survivors (0K)
 Metaspace       used 88739K, committed 89856K, reserved 1179648K
  class space    used 12359K, committed 12864K, reserved 1048576K
}
Event: 2591.682 GC heap before
{Heap before GC invocations=77 (full 22):
 garbage-first heap   total 110592K, used 95229K [0x0000000702400000, 0x0000000800000000)
  region size 2048K, 30 young (61440K), 0 survivors (0K)
 Metaspace       used 88864K, committed 89856K, reserved 1179648K
  class space    used 12375K, committed 12864K, reserved 1048576K
}
Event: 2591.687 GC heap after
{Heap after GC invocations=78 (full 22):
 garbage-first heap   total 110592K, used 38084K [0x0000000702400000, 0x0000000800000000)
  region size 2048K, 3 young (6144K), 3 survivors (6144K)
 Metaspace       used 88864K, committed 89856K, reserved 1179648K
  class space    used 12375K, committed 12864K, reserved 1048576K
}
Event: 2680.396 GC heap before
{Heap before GC invocations=78 (full 22):
 garbage-first heap   total 110592K, used 79044K [0x0000000702400000, 0x0000000800000000)
  region size 2048K, 24 young (49152K), 3 survivors (6144K)
 Metaspace       used 89023K, committed 89984K, reserved 1179648K
  class space    used 12386K, committed 12864K, reserved 1048576K
}
Event: 2680.465 GC heap after
{Heap after GC invocations=79 (full 23):
 garbage-first heap   total 110592K, used 33900K [0x0000000702400000, 0x0000000800000000)
  region size 2048K, 0 young (0K), 0 survivors (0K)
 Metaspace       used 88730K, committed 89856K, reserved 1179648K
  class space    used 12354K, committed 12864K, reserved 1048576K
}
Event: 2681.646 GC heap before
{Heap before GC invocations=79 (full 23):
 garbage-first heap   total 110592K, used 93292K [0x0000000702400000, 0x0000000800000000)
  region size 2048K, 30 young (61440K), 0 survivors (0K)
 Metaspace       used 88853K, committed 89856K, reserved 1179648K
  class space    used 12370K, committed 12864K, reserved 1048576K
}
Event: 2681.651 GC heap after
{Heap after GC invocations=80 (full 23):
 garbage-first heap   total 110592K, used 38398K [0x0000000702400000, 0x0000000800000000)
  region size 2048K, 3 young (6144K), 3 survivors (6144K)
 Metaspace       used 88853K, committed 89856K, reserved 1179648K
  class space    used 12370K, committed 12864K, reserved 1048576K
}
Event: 3466.167 GC heap before
{Heap before GC invocations=80 (full 23):
 garbage-first heap   total 110592K, used 91646K [0x0000000702400000, 0x0000000800000000)
  region size 2048K, 29 young (59392K), 3 survivors (6144K)
 Metaspace       used 88881K, committed 89856K, reserved 1179648K
  class space    used 12377K, committed 12864K, reserved 1048576K
}

